This file contains any messages produced by compilers while
running configure, to aid debugging if configure makes a mistake.

It was created by configure, which was
generated by GNU Autoconf 2.53.  Invocation command line was

  $ ./configure 

## --------- ##
## Platform. ##
## --------- ##

hostname = ccellier
uname -m = x86_64
uname -r = 2.6.32-22-generic
uname -s = Linux
uname -v = #36-Ubuntu SMP Thu Jun 3 19:31:57 UTC 2010

/usr/bin/uname -p = unknown
/bin/uname -X     = unknown

/bin/arch              = unknown
/usr/bin/arch -k       = unknown
/usr/convex/getsysinfo = unknown
hostinfo               = unknown
/bin/machine           = unknown
/usr/bin/oslevel       = unknown
/bin/universe          = unknown

PATH: /usr/local/sbin
PATH: /usr/local/bin
PATH: /usr/sbin
PATH: /usr/bin
PATH: /sbin
PATH: /bin
PATH: /usr/games
PATH: /home/rixed/godi/bin
PATH: /home/rixed/godi/sbin


## ----------- ##
## Core tests. ##
## ----------- ##

configure:1204: checking your compiler package
configure:1219: result: version 3.11.2 at /usr/lib/ocaml
configure:1237: checking "whether to use ocamlc.opt"
configure:1247: result: no
configure:1314: checking for gcc
configure:1340: result: colorgcc
configure:1584: checking for C compiler version
configure:1587: colorgcc --version </dev/null >&5
gcc (Ubuntu 4.4.3-4ubuntu5) 4.4.3
Copyright (C) 2009 Free Software Foundation, Inc.
This is free software; see the source for copying conditions.  There is NO
warranty; not even for MERCHANTABILITY or FITNESS FOR A PARTICULAR PURPOSE.

configure:1590: $? = 0
configure:1592: colorgcc -v </dev/null >&5
Using built-in specs.
Target: x86_64-linux-gnu
Configured with: ../src/configure -v --with-pkgversion='Ubuntu 4.4.3-4ubuntu5' --with-bugurl=file:///usr/share/doc/gcc-4.4/README.Bugs --enable-languages=c,c++,fortran,objc,obj-c++ --prefix=/usr --enable-shared --enable-multiarch --enable-linker-build-id --with-system-zlib --libexecdir=/usr/lib --without-included-gettext --enable-threads=posix --with-gxx-include-dir=/usr/include/c++/4.4 --program-suffix=-4.4 --enable-nls --enable-clocale=gnu --enable-libstdcxx-debug --enable-plugin --enable-objc-gc --disable-werror --with-arch-32=i486 --with-tune=generic --enable-checking=release --build=x86_64-linux-gnu --host=x86_64-linux-gnu --target=x86_64-linux-gnu
Thread model: posix
gcc version 4.4.3 (Ubuntu 4.4.3-4ubuntu5) 
configure:1595: $? = 0
configure:1597: colorgcc -V </dev/null >&5
gcc: '-V' option must have argument
configure:1600: $? = 1
configure:1626: checking for C compiler default output
configure:1629: colorgcc -O0 -g3 -ggdb3   conftest.c  >&5
configure:1632: $? = 0
configure:1665: result: a.out
configure:1670: checking whether the C compiler works
configure:1676: ./a.out
configure:1679: $? = 0
configure:1694: result: yes
configure:1701: checking whether we are cross compiling
configure:1703: result: no
configure:1706: checking for suffix of executables
configure:1708: colorgcc -o conftest -O0 -g3 -ggdb3   conftest.c  >&5
configure:1711: $? = 0
configure:1733: result: 
configure:1739: checking for suffix of object files
configure:1763: colorgcc -c -O0 -g3 -ggdb3  conftest.c >&5
configure:1766: $? = 0
configure:1785: result: o
configure:1789: checking whether we are using the GNU C compiler
configure:1816: colorgcc -c -O0 -g3 -ggdb3  conftest.c >&5
configure:1819: $? = 0
configure:1822: test -s conftest.o
configure:1825: $? = 0
configure:1837: result: yes
configure:1843: checking whether colorgcc accepts -g
configure:1867: colorgcc -c -g  conftest.c >&5
configure:1870: $? = 0
configure:1873: test -s conftest.o
configure:1876: $? = 0
configure:1886: result: yes
configure:1913: colorgcc -c -O0 -g3 -ggdb3  conftest.c >&5
conftest.c:2: error: expected '=', ',', ';', 'asm' or '__attribute__' before 'me'
configure:1916: $? = 1
configure: failed program was:
#ifndef __cplusplus
  choke me
#endif
configure:2067: checking for ranlib
configure:2083: found /usr/bin/ranlib
configure:2094: result: ranlib
configure:2113: checking how to run the C preprocessor
configure:2139: colorgcc -E  conftest.c
configure:2145: $? = 0
configure:2172: colorgcc -E  conftest.c
configure:2168:28: error: ac_nonexistent.h: No such file or directory
configure:2178: $? = 1
configure: failed program was:
#line 2167 "configure"
#include "confdefs.h"
#include <ac_nonexistent.h>
configure:2215: result: colorgcc -E
configure:2230: colorgcc -E  conftest.c
configure:2236: $? = 0
configure:2263: colorgcc -E  conftest.c
configure:2259:28: error: ac_nonexistent.h: No such file or directory
configure:2269: $? = 1
configure: failed program was:
#line 2258 "configure"
#include "confdefs.h"
#include <ac_nonexistent.h>
configure:2309: checking for ANSI C header files
configure:2323: colorgcc -E  conftest.c
configure:2329: $? = 0
configure:2416: colorgcc -o conftest -O0 -g3 -ggdb3   conftest.c  >&5
configure: In function 'main':
configure:2407: warning: incompatible implicit declaration of built-in function 'exit'
configure:2419: $? = 0
configure:2421: ./conftest
configure:2424: $? = 0
configure:2438: result: yes
configure:2462: checking for sys/types.h
configure:2475: colorgcc -c -O0 -g3 -ggdb3  conftest.c >&5
configure:2478: $? = 0
configure:2481: test -s conftest.o
configure:2484: $? = 0
configure:2494: result: yes
configure:2462: checking for sys/stat.h
configure:2475: colorgcc -c -O0 -g3 -ggdb3  conftest.c >&5
configure:2478: $? = 0
configure:2481: test -s conftest.o
configure:2484: $? = 0
configure:2494: result: yes
configure:2462: checking for stdlib.h
configure:2475: colorgcc -c -O0 -g3 -ggdb3  conftest.c >&5
configure:2478: $? = 0
configure:2481: test -s conftest.o
configure:2484: $? = 0
configure:2494: result: yes
configure:2462: checking for string.h
configure:2475: colorgcc -c -O0 -g3 -ggdb3  conftest.c >&5
configure:2478: $? = 0
configure:2481: test -s conftest.o
configure:2484: $? = 0
configure:2494: result: yes
configure:2462: checking for memory.h
configure:2475: colorgcc -c -O0 -g3 -ggdb3  conftest.c >&5
configure:2478: $? = 0
configure:2481: test -s conftest.o
configure:2484: $? = 0
configure:2494: result: yes
configure:2462: checking for strings.h
configure:2475: colorgcc -c -O0 -g3 -ggdb3  conftest.c >&5
configure:2478: $? = 0
configure:2481: test -s conftest.o
configure:2484: $? = 0
configure:2494: result: yes
configure:2462: checking for inttypes.h
configure:2475: colorgcc -c -O0 -g3 -ggdb3  conftest.c >&5
configure:2478: $? = 0
configure:2481: test -s conftest.o
configure:2484: $? = 0
configure:2494: result: yes
configure:2462: checking for stdint.h
configure:2475: colorgcc -c -O0 -g3 -ggdb3  conftest.c >&5
configure:2478: $? = 0
configure:2481: test -s conftest.o
configure:2484: $? = 0
configure:2494: result: yes
configure:2462: checking for unistd.h
configure:2475: colorgcc -c -O0 -g3 -ggdb3  conftest.c >&5
configure:2478: $? = 0
configure:2481: test -s conftest.o
configure:2484: $? = 0
configure:2494: result: yes
configure:2521: checking fcntl.h usability
configure:2530: colorgcc -c -O0 -g3 -ggdb3  conftest.c >&5
configure:2533: $? = 0
configure:2536: test -s conftest.o
configure:2539: $? = 0
configure:2548: result: yes
configure:2552: checking fcntl.h presence
configure:2559: colorgcc -E  conftest.c
configure:2565: $? = 0
configure:2583: result: yes
configure:2601: checking for fcntl.h
configure:2608: result: yes
configure:2521: checking sys/time.h usability
configure:2530: colorgcc -c -O0 -g3 -ggdb3  conftest.c >&5
configure:2533: $? = 0
configure:2536: test -s conftest.o
configure:2539: $? = 0
configure:2548: result: yes
configure:2552: checking sys/time.h presence
configure:2559: colorgcc -E  conftest.c
configure:2565: $? = 0
configure:2583: result: yes
configure:2601: checking for sys/time.h
configure:2608: result: yes
configure:2622: checking for size_t
configure:2649: colorgcc -c -O0 -g3 -ggdb3  conftest.c >&5
configure:2652: $? = 0
configure:2655: test -s conftest.o
configure:2658: $? = 0
configure:2668: result: yes
configure:2681: checking for ANSI C header files
configure:2810: result: yes
configure:2820: checking return type of signal handlers
configure:2854: colorgcc -c -O0 -g3 -ggdb3  conftest.c >&5
configure:2857: $? = 0
configure:2860: test -s conftest.o
configure:2863: $? = 0
configure:2873: result: void
configure:2882: checking for long
configure:2909: colorgcc -c -O0 -g3 -ggdb3  conftest.c >&5
configure:2912: $? = 0
configure:2915: test -s conftest.o
configure:2918: $? = 0
configure:2928: result: yes
configure:2931: checking size of long
configure:3209: colorgcc -o conftest -O0 -g3 -ggdb3   conftest.c  >&5
configure:3212: $? = 0
configure:3214: ./conftest
configure:3217: $? = 0
configure:3237: result: 8
configure:3246: checking for X
configure:3348: colorgcc -E  conftest.c
configure:3354: $? = 0
configure:3405: colorgcc -o conftest -O0 -g3 -ggdb3   conftest.c -lXt  >&5
configure:3408: $? = 0
configure:3411: test -s conftest
configure:3414: $? = 0
configure:3462: result: libraries , headers 
configure:3619: colorgcc -o conftest -O0 -g3 -ggdb3   conftest.c   -lX11 >&5
configure:3622: $? = 0
configure:3625: test -s conftest
configure:3628: $? = 0
configure:3766: checking for gethostbyname
configure:3809: colorgcc -o conftest -O0 -g3 -ggdb3   conftest.c  >&5
configure:3812: $? = 0
configure:3815: test -s conftest
configure:3818: $? = 0
configure:3828: result: yes
configure:3961: checking for connect
configure:4004: colorgcc -o conftest -O0 -g3 -ggdb3   conftest.c  >&5
configure:4007: $? = 0
configure:4010: test -s conftest
configure:4013: $? = 0
configure:4023: result: yes
configure:4089: checking for remove
configure:4132: colorgcc -o conftest -O0 -g3 -ggdb3   conftest.c  >&5
configure:4135: $? = 0
configure:4138: test -s conftest
configure:4141: $? = 0
configure:4151: result: yes
configure:4217: checking for shmat
configure:4260: colorgcc -o conftest -O0 -g3 -ggdb3   conftest.c  >&5
configure:4263: $? = 0
configure:4266: test -s conftest
configure:4269: $? = 0
configure:4279: result: yes
configure:4354: checking for IceConnectionNumber in -lICE
configure:4387: colorgcc -o conftest -O0 -g3 -ggdb3   conftest.c -lICE   >&5
configure:4390: $? = 0
configure:4393: test -s conftest
configure:4396: $? = 0
configure:4407: result: yes
configure:4420: checking for floor in -lm
configure:4453: colorgcc -o conftest -O0 -g3 -ggdb3   conftest.c -lm   >&5
configure:4435: warning: conflicting types for built-in function 'floor'
configure:4456: $? = 0
configure:4459: test -s conftest
configure:4462: $? = 0
configure:4473: result: yes
configure:4486: checking external libraries
configure:4498: result: enabled
configure:4511: checking checking lablgtk
configure:4546: result: Not found
configure:4642: checking gdkpixbuf image support
configure:4649: result: no
configure:4659: checking checking lablgtk2
configure:4695: result: found at /usr/lib/ocaml/lablgtk2
configure:4708: checking checking lablgl
configure:4744: result: found at /usr/lib/ocaml/lablGL
configure:4758: checking for DGifOpenFileName in -lgif
configure:4791: colorgcc -o conftest -O0 -g3 -ggdb3   conftest.c -lgif   -lSM -lICE -lX11  -lm  >&5
/usr/bin/ld: cannot find -lgif
collect2: ld returned 1 exit status
configure:4794: $? = 1
configure: failed program was:
#line 4765 "configure"
#include "confdefs.h"

/* Override any gcc2 internal prototype to avoid an error.  */
#ifdef __cplusplus
extern "C"
#endif
/* We use char because int might match the return type of a gcc2
   builtin and then its argument prototype would still apply.  */
char DGifOpenFileName ();
#ifdef F77_DUMMY_MAIN
#  ifdef __cplusplus
     extern "C"
#  endif
   int F77_DUMMY_MAIN() { return 1; }
#endif
int
main ()
{
DGifOpenFileName ();
  ;
  return 0;
}
configure:4811: result: no
configure:4817: checking for DGifOpenFileName in -lungif
configure:4850: colorgcc -o conftest -O0 -g3 -ggdb3   conftest.c -lungif   -lSM -lICE -lX11  -lm  >&5
/usr/bin/ld: cannot find -lungif
collect2: ld returned 1 exit status
configure:4853: $? = 1
configure: failed program was:
#line 4824 "configure"
#include "confdefs.h"

/* Override any gcc2 internal prototype to avoid an error.  */
#ifdef __cplusplus
extern "C"
#endif
/* We use char because int might match the return type of a gcc2
   builtin and then its argument prototype would still apply.  */
char DGifOpenFileName ();
#ifdef F77_DUMMY_MAIN
#  ifdef __cplusplus
     extern "C"
#  endif
   int F77_DUMMY_MAIN() { return 1; }
#endif
int
main ()
{
DGifOpenFileName ();
  ;
  return 0;
}
configure:4870: result: no
configure:4953: checking for png_create_read_struct in -lpng
configure:4986: colorgcc -o conftest -O0 -g3 -ggdb3   conftest.c -lpng -lz  -lm  >&5
configure:4989: $? = 0
configure:4992: test -s conftest
configure:4995: $? = 0
configure:5006: result: yes
configure:5023: checking for jpeg_read_header in -ljpeg
configure:5056: colorgcc -o conftest -O0 -g3 -ggdb3   conftest.c -ljpeg  -lm  >&5
configure:5059: $? = 0
configure:5062: test -s conftest
configure:5065: $? = 0
configure:5076: result: yes
configure:5093: checking for TIFFOpen in -ltiff
configure:5126: colorgcc -o conftest -O0 -g3 -ggdb3   conftest.c -ltiff  -lm  >&5
configure:5129: $? = 0
configure:5132: test -s conftest
configure:5135: $? = 0
configure:5146: result: yes
configure:5184: checking X11/xpm.h usability
configure:5193: colorgcc -c -O0 -g3 -ggdb3  conftest.c >&5
configure:5221:21: error: X11/xpm.h: No such file or directory
configure:5196: $? = 1
configure: failed program was:
#line 5186 "configure"
#include "confdefs.h"
#include <stdio.h>
#if HAVE_SYS_TYPES_H
# include <sys/types.h>
#endif
#if HAVE_SYS_STAT_H
# include <sys/stat.h>
#endif
#if STDC_HEADERS
# include <stdlib.h>
# include <stddef.h>
#else
# if HAVE_STDLIB_H
#  include <stdlib.h>
# endif
#endif
#if HAVE_STRING_H
# if !STDC_HEADERS && HAVE_MEMORY_H
#  include <memory.h>
# endif
# include <string.h>
#endif
#if HAVE_STRINGS_H
# include <strings.h>
#endif
#if HAVE_INTTYPES_H
# include <inttypes.h>
#else
# if HAVE_STDINT_H
#  include <stdint.h>
# endif
#endif
#if HAVE_UNISTD_H
# include <unistd.h>
#endif
#include <X11/xpm.h>
configure:5211: result: no
configure:5215: checking X11/xpm.h presence
configure:5222: colorgcc -E  conftest.c
configure:5218:21: error: X11/xpm.h: No such file or directory
configure:5228: $? = 1
configure: failed program was:
#line 5217 "configure"
#include "confdefs.h"
#include <X11/xpm.h>
configure:5246: result: no
configure:5264: checking for X11/xpm.h
configure:5271: result: no
configure:5365: checking for freetype-config
configure:5383: found /usr/bin/freetype-config
configure:5396: result: /usr/bin/freetype-config
configure:5951: checking for gs
configure:5969: found /usr/bin/gs
configure:5982: result: /usr/bin/gs
configure:6126: creating ./config.status

## ---------------------- ##
## Running config.status. ##
## ---------------------- ##

This file was extended by config.status, which was
generated by GNU Autoconf 2.53.  Invocation command line was

  CONFIG_FILES    = 
  CONFIG_HEADERS  = 
  CONFIG_LINKS    = 
  CONFIG_COMMANDS = 
  $ ./config.status 

on ccellier

config.status:608: creating Makefile.config
config.status:608: creating corelib/camlimages.ml
config.status:608: creating Makefile.build
config.status:711: creating config.h
config.status:834: config.h is unchanged

## ---------------- ##
## Cache variables. ##
## ---------------- ##

ac_cv_c_compiler_gnu=yes
ac_cv_env_CC_set=set
ac_cv_env_CC_value=colorgcc
ac_cv_env_CFLAGS_set=set
ac_cv_env_CFLAGS_value='-O0 -g3 -ggdb3'
ac_cv_env_CPPFLAGS_set=
ac_cv_env_CPPFLAGS_value=
ac_cv_env_CPP_set=
ac_cv_env_CPP_value=
ac_cv_env_LDFLAGS_set=
ac_cv_env_LDFLAGS_value=
ac_cv_env_build_alias_set=
ac_cv_env_build_alias_value=
ac_cv_env_host_alias_set=
ac_cv_env_host_alias_value=
ac_cv_env_target_alias_set=
ac_cv_env_target_alias_value=
ac_cv_exeext=
ac_cv_func_connect=yes
ac_cv_func_gethostbyname=yes
ac_cv_func_remove=yes
ac_cv_func_shmat=yes
ac_cv_have_x='have_x=yes 		ac_x_includes= ac_x_libraries='
ac_cv_header_X11_xpm_h=no
ac_cv_header_fcntl_h=yes
ac_cv_header_inttypes_h=yes
ac_cv_header_memory_h=yes
ac_cv_header_stdc=yes
ac_cv_header_stdint_h=yes
ac_cv_header_stdlib_h=yes
ac_cv_header_string_h=yes
ac_cv_header_strings_h=yes
ac_cv_header_sys_stat_h=yes
ac_cv_header_sys_time_h=yes
ac_cv_header_sys_types_h=yes
ac_cv_header_unistd_h=yes
ac_cv_lib_ICE_IceConnectionNumber=yes
ac_cv_lib_gif_DGifOpenFileName=no
ac_cv_lib_jpeg_jpeg_read_header=yes
ac_cv_lib_m_floor=yes
ac_cv_lib_png_png_create_read_struct=yes
ac_cv_lib_tiff_TIFFOpen=yes
ac_cv_lib_ungif_DGifOpenFileName=no
ac_cv_objext=o
ac_cv_path_PATH_FREETYPE_CONFIG=/usr/bin/freetype-config
ac_cv_path_PATH_GS=/usr/bin/gs
ac_cv_prog_CPP='colorgcc -E'
ac_cv_prog_ac_ct_CC=colorgcc
ac_cv_prog_ac_ct_RANLIB=ranlib
ac_cv_prog_cc_g=yes
ac_cv_sizeof_long=8
ac_cv_type_long=yes
ac_cv_type_signal=void
ac_cv_type_size_t=yes

## ----------- ##
## confdefs.h. ##
## ----------- ##

#define PACKAGE_NAME ""
#define PACKAGE_TARNAME ""
#define PACKAGE_VERSION ""
#define PACKAGE_STRING ""
#define PACKAGE_BUGREPORT ""
#define STDC_HEADERS 1
#define HAVE_SYS_TYPES_H 1
#define HAVE_SYS_STAT_H 1
#define HAVE_STDLIB_H 1
#define HAVE_STRING_H 1
#define HAVE_MEMORY_H 1
#define HAVE_STRINGS_H 1
#define HAVE_INTTYPES_H 1
#define HAVE_STDINT_H 1
#define HAVE_UNISTD_H 1
#define HAVE_FCNTL_H 1
#define HAVE_SYS_TIME_H 1
#define STDC_HEADERS 1
#define RETSIGTYPE void
#define SIZEOF_LONG 8
#define HAVE_LIBM 1
#define HAVE_PNG 1
#define HAVE_JPEG 1
#define HAVE_TIFF 1
#define HAVE_FREETYPE 1
#define HAVE_FREETYPE2 1

configure: exit 0
